[debug] [2023-10-05T01:03:14.033Z] ----------------------------------------------------------------------
[debug] [2023-10-05T01:03:14.035Z] Command:       C:\Program Files\nodejs\node.exe C:\Users\sande\AppData\Roaming\npm\node_modules\firebase-tools\lib\bin\firebase.js init
[debug] [2023-10-05T01:03:14.035Z] CLI Version:   12.6.1
[debug] [2023-10-05T01:03:14.035Z] Platform:      win32
[debug] [2023-10-05T01:03:14.036Z] Node Version:  v18.18.0
[debug] [2023-10-05T01:03:14.037Z] Time:          Thu Oct 05 2023 06:33:14 GMT+0530 (India Standard Time)
[debug] [2023-10-05T01:03:14.037Z] ----------------------------------------------------------------------
[debug] 
[debug] [2023-10-05T01:03:14.050Z] > command requires scopes: ["email","openid","https://www.googleapis.com/auth/cloudplatformprojects.readonly","https://www.googleapis.com/auth/firebase","https://www.googleapis.com/auth/cloud-platform"]
[debug] [2023-10-05T01:03:14.051Z] > authorizing via signed-in user (sandeepmenon.v@gmail.com)
[info] 
     ######## #### ########  ######## ########     ###     ######  ########
     ##        ##  ##     ## ##       ##     ##  ##   ##  ##       ##
     ######    ##  ########  ######   ########  #########  ######  ######
     ##        ##  ##    ##  ##       ##     ## ##     ##       ## ##
     ##       #### ##     ## ######## ########  ##     ##  ######  ########

You're about to initialize a Firebase project in this directory:

  C:\Users\sande\OneDrive\Desktop\Dev\PraticePrjcts-pedrotech\expense-tracker

[info] 
=== Project Setup
[info] 
[info] First, let's associate this project directory with a Firebase project.
[info] You can create multiple project aliases by running firebase use --add, 
[info] but for now we'll just set up a default project.
[info] 
[debug] [2023-10-05T01:04:14.201Z] > refreshing access token with scopes: []
[debug] [2023-10-05T01:04:14.203Z] >>> [apiv2][query] POST https://www.googleapis.com/oauth2/v3/token [none]
[debug] [2023-10-05T01:04:14.203Z] >>> [apiv2][body] POST https://www.googleapis.com/oauth2/v3/token [omitted]
[debug] [2023-10-05T01:04:14.541Z] <<< [apiv2][status] POST https://www.googleapis.com/oauth2/v3/token 200
[debug] [2023-10-05T01:04:14.542Z] <<< [apiv2][body] POST https://www.googleapis.com/oauth2/v3/token [omitted]
[debug] [2023-10-05T01:04:14.573Z] >>> [apiv2][query] GET https://firebase.googleapis.com/v1beta1/projects pageSize=100
[debug] [2023-10-05T01:04:17.150Z] <<< [apiv2][status] GET https://firebase.googleapis.com/v1beta1/projects 200
[debug] [2023-10-05T01:04:17.150Z] <<< [apiv2][body] GET https://firebase.googleapis.com/v1beta1/projects [omitted]
[info] i  Using project expense-tracker-62427 (Expense-Tracker) 
[info] 
=== Hosting Setup
[info] 
[info] Your public directory is the folder (relative to your project directory) that
[info] will contain Hosting assets to be uploaded with firebase deploy. If you
[info] have a build process for your assets, use your build's output directory.
[info] 
[info] +  Wrote public/404.html 
[debug] [2023-10-05T01:05:15.345Z] >>> [apiv2][query] GET https://www.gstatic.com/firebasejs/releases.json [none]
[debug] [2023-10-05T01:05:19.883Z] <<< [apiv2][status] GET https://www.gstatic.com/firebasejs/releases.json 200
[debug] [2023-10-05T01:05:19.883Z] <<< [apiv2][body] GET https://www.gstatic.com/firebasejs/releases.json {"current":{"version":"10.4.0","browserURL":"https://www.gstatic.com/firebasejs/10.4.0/firebase.js","packageURL":"https://www.gstatic.com/firebasejs/10.4.0/firebase.tgz"},"live":{"version":"10.4","browserURL":"https://www.gstatic.com/firebasejs/live/10.4/firebase.js","packageURL":"https://www.gstatic.com/firebasejs/live/10.4/firebase.tgz"},"components":{"analytics":"https://www.gstatic.com/firebasejs/10.4.0/firebase-analytics.js","app":"https://www.gstatic.com/firebasejs/10.4.0/firebase-app.js","app-check":"https://www.gstatic.com/firebasejs/10.4.0/firebase-app-check.js","auth":"https://www.gstatic.com/firebasejs/10.4.0/firebase-auth.js","auth/cordova":"https://www.gstatic.com/firebasejs/10.4.0/firebase-auth/cordova.js","functions":"https://www.gstatic.com/firebasejs/10.4.0/firebase-functions.js","firestore":"https://www.gstatic.com/firebasejs/10.4.0/firebase-firestore.js","firestore/lite":"https://www.gstatic.com/firebasejs/10.4.0/firebase-firestore/lite.js","installations":"https://www.gstatic.com/firebasejs/10.4.0/firebase-installations.js","storage":"https://www.gstatic.com/firebasejs/10.4.0/firebase-storage.js","performance":"https://www.gstatic.com/firebasejs/10.4.0/firebase-performance.js","remote-config":"https://www.gstatic.com/firebasejs/10.4.0/firebase-remote-config.js","messaging":"https://www.gstatic.com/firebasejs/10.4.0/firebase-messaging.js","messaging/sw":"https://www.gstatic.com/firebasejs/10.4.0/firebase-messaging/sw.js","database":"https://www.gstatic.com/firebasejs/10.4.0/firebase-database.js","firestore.memory":"https://www.gstatic.com/firebasejs/10.4.0/firebase-firestore.memory.js"}}
[info] i  Skipping write of public/index.html 
[info] 
[info] i  Detected a .git folder at C:\Users\sande\OneDrive\Desktop\Dev\PraticePrjcts-pedrotech\expense-tracker 
[info] i  Authorizing with GitHub to upload your service account to a GitHub repository's secrets store. 
[info] 
[info] Visit this URL on this device to log in:
[info] https://github.com/login/oauth/authorize?client_id=89cf50f02ac6aaed3484&state=858097130&redirect_uri=http%3A%2F%2Flocalhost%3A9005&scope=read%3Auser%20repo%20public_repo
[info] 
[info] Waiting for authentication...
[debug] [2023-10-05T01:12:07.565Z] >>> [apiv2][query] POST https://github.com/login/oauth/access_token [none]
[debug] [2023-10-05T01:12:07.566Z] >>> [apiv2][body] POST https://github.com/login/oauth/access_token [stream]
[debug] [2023-10-05T01:12:08.112Z] <<< [apiv2][status] POST https://github.com/login/oauth/access_token 200
[debug] [2023-10-05T01:12:08.112Z] <<< [apiv2][body] POST https://github.com/login/oauth/access_token {"access_token":"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","token_type":"bearer","scope":"read:user,repo"}
[debug] [2023-10-05T01:12:08.124Z] >>> [apiv2][query] GET https://api.github.com/user [none]
[debug] [2023-10-05T01:12:08.940Z] <<< [apiv2][status] GET https://api.github.com/user 200
[debug] [2023-10-05T01:12:08.940Z] <<< [apiv2][body] GET https://api.github.com/user {"login":"sandeep-m95","id":74226779,"node_id":"MDQ6VXNlcjc0MjI2Nzc5","avatar_url":"https://avatars.githubusercontent.com/u/74226779?v=4","gravatar_id":"","url":"https://api.github.com/users/sandeep-m95","html_url":"https://github.com/sandeep-m95","followers_url":"https://api.github.com/users/sandeep-m95/followers","following_url":"https://api.github.com/users/sandeep-m95/following{/other_user}","gists_url":"https://api.github.com/users/sandeep-m95/gists{/gist_id}","starred_url":"https://api.github.com/users/sandeep-m95/starred{/owner}{/repo}","subscriptions_url":"https://api.github.com/users/sandeep-m95/subscriptions","organizations_url":"https://api.github.com/users/sandeep-m95/orgs","repos_url":"https://api.github.com/users/sandeep-m95/repos","events_url":"https://api.github.com/users/sandeep-m95/events{/privacy}","received_events_url":"https://api.github.com/users/sandeep-m95/received_events","type":"User","site_admin":false,"name":null,"company":null,"blog":"","location":null,"email":null,"hireable":null,"bio":null,"twitter_username":null,"public_repos":2,"public_gists":0,"followers":0,"following":0,"created_at":"2020-11-10T04:31:26Z","updated_at":"2023-10-05T01:09:03Z","private_gists":0,"total_private_repos":0,"owned_private_repos":0,"disk_usage":16,"collaborators":0,"two_factor_authentication":false,"plan":{"name":"free","space":976562499,"collaborators":0,"private_repos":10000}}
[info] 
[info] +  Success! Logged into GitHub as sandeep-m95 
[info] 
[debug] [2023-10-05T01:12:21.091Z] >>> [apiv2][query] GET https://api.github.com/repos//actions/secrets/public-key type=owner
[debug] [2023-10-05T01:12:21.663Z] <<< [apiv2][status] GET https://api.github.com/repos//actions/secrets/public-key 404
[debug] [2023-10-05T01:12:21.664Z] <<< [apiv2][body] GET https://api.github.com/repos//actions/secrets/public-key {"message":"Not Found","documentation_url":"https://docs.github.com/rest"}
[info] 
[info] 
[error] !  The provided authorization cannot be used with this repository. If this repository is in an organization, did you remember to grant access? 
[info] 
[info] i  Action required: Visit this URL to ensure access has been granted to the appropriate organization(s) for the Firebase CLI GitHub OAuth App: 
[info] https://github.com/settings/connections/applications/89cf50f02ac6aaed3484
[info] 
